<?xml version="1.0" encoding="UTF-8"?>
<testng-results ignored="2" total="4" passed="2" failed="0" skipped="0">
  <reporter-output>
  </reporter-output>
  <suite started-at="2021-12-23T14:30:08 IST" name="Suite" finished-at="2021-12-23T14:30:21 IST" duration-ms="12718">
    <groups>
    </groups>
    <test started-at="2021-12-23T14:30:08 IST" name="Test" finished-at="2021-12-23T14:30:21 IST" duration-ms="12718">
      <class name="testCases.LogoutTest">
        <test-method is-config="true" signature="beforeClass()[pri:0, instance:testCases.LogoutTest@524d6d96]" started-at="2021-12-23T14:30:15 IST" name="beforeClass" finished-at="2021-12-23T14:30:15 IST" duration-ms="2" status="PASS">
          <reporter-output>
          </reporter-output>
        </test-method> <!-- beforeClass -->
        <test-method signature="verifyLoginPage()[pri:0, instance:testCases.LogoutTest@524d6d96]" started-at="2021-12-23T14:30:15 IST" name="verifyLoginPage" finished-at="2021-12-23T14:30:21 IST" duration-ms="6361" status="PASS">
          <reporter-output>
          </reporter-output>
        </test-method> <!-- verifyLoginPage -->
      </class> <!-- testCases.LogoutTest -->
      <class name="testCases.LoginTest">
        <test-method is-config="true" signature="Launching()[pri:0, instance:testCases.LoginTest@2525ff7e]" started-at="2021-12-23T14:29:57 IST" name="Launching" finished-at="2021-12-23T14:30:08 IST" duration-ms="11232" status="PASS">
          <reporter-output>
          </reporter-output>
        </test-method> <!-- Launching -->
        <test-method is-config="true" signature="beforeClass()[pri:0, instance:testCases.LoginTest@2525ff7e]" started-at="2021-12-23T14:30:09 IST" name="beforeClass" finished-at="2021-12-23T14:30:09 IST" duration-ms="58" status="PASS">
          <reporter-output>
          </reporter-output>
        </test-method> <!-- beforeClass -->
        <test-method signature="verifyLoginPage()[pri:0, instance:testCases.LoginTest@2525ff7e]" started-at="2021-12-23T14:30:09 IST" name="verifyLoginPage" finished-at="2021-12-23T14:30:15 IST" duration-ms="6245" status="PASS">
          <reporter-output>
          </reporter-output>
        </test-method> <!-- verifyLoginPage -->
        <test-method is-config="true" signature="tearDown()[pri:0, instance:testCases.LoginTest@2525ff7e]" started-at="2021-12-23T14:30:21 IST" name="tearDown" finished-at="2021-12-23T14:30:22 IST" duration-ms="843" status="PASS">
          <reporter-output>
          </reporter-output>
        </test-method> <!-- tearDown -->
      </class> <!-- testCases.LoginTest -->
    </test> <!-- Test -->
  </suite> <!-- Suite -->
</testng-results>
