<?xml version="1.0" encoding="UTF-8"?>
<!-- Generated by org.testng.reporters.JUnitXMLReporter -->
<testsuite ignored="2" hostname="DESKTOP-QK53TP2" failures="0" tests="2" name="Test" time="12.718" errors="0" timestamp="2021-12-23T14:30:21 IST">
  <testcase classname="testCases.LoginTest" name="verifyLoginPage" time="6.245"/>
  <testcase classname="testCases.LogoutTest" name="verifyLoginPage" time="6.361"/>
  <testcase classname="testCases.BaseTest" name="@BeforeSuite Launching" time="0.0">
    <ignored/>
  </testcase> <!-- @BeforeSuite Launching -->
  <testcase classname="testCases.BaseTest" name="@AfterSuite tearDown" time="0.0">
    <ignored/>
  </testcase> <!-- @AfterSuite tearDown -->
</testsuite> <!-- Test -->
